[2020-01-22T17:44:19.019Z] [org.springframework.test.context.support.AbstractTestContextBootstrapper] [main] [308] [INFO ] Neither @ContextConfiguration nor @ContextHierarchy found for test class [com.test.demo.DemoApplicationTests], using SpringBootContextLoader
[2020-01-22T17:44:19.019Z] [org.springframework.test.context.support.AbstractContextLoader] [main] [264] [INFO ] Could not detect default resource locations for test class [com.test.demo.DemoApplicationTests]: no resource found for suffixes {-context.xml, Context.groovy}.
[2020-01-22T17:44:19.019Z] [org.springframework.test.context.support.AnnotationConfigContextLoaderUtils] [main] [83] [INFO ] Could not detect default configuration classes for test class [com.test.demo.DemoApplicationTests]: DemoApplicationTests does not declare any static, non-private, non-final, nested classes annotated with @Configuration.
[2020-01-22T17:44:19.019Z] [org.springframework.boot.test.context.SpringBootTestContextBootstrapper] [main] [235] [INFO ] Found @SpringBootConfiguration com.test.demo.DemoApplication for test class com.test.demo.DemoApplicationTests
[2020-01-22T17:44:19.019Z] [org.springframework.test.context.support.AbstractTestContextBootstrapper] [main] [248] [INFO ] Loaded default TestExecutionListener class names from location [META-INF/spring.factories]: [org.springframework.boot.test.mock.mockito.MockitoTestExecutionListener, org.springframework.boot.test.mock.mockito.ResetMocksTestExecutionListener, org.springframework.boot.test.autoconfigure.restdocs.RestDocsTestExecutionListener, org.springframework.boot.test.autoconfigure.web.client.MockRestServiceServerResetTestExecutionListener, org.springframework.boot.test.autoconfigure.web.servlet.MockMvcPrintOnlyOnFailureTestExecutionListener, org.springframework.boot.test.autoconfigure.web.servlet.WebDriverTestExecutionListener, org.springframework.test.context.web.ServletTestExecutionListener, org.springframework.test.context.support.DirtiesContextBeforeModesTestExecutionListener, org.springframework.test.context.support.DependencyInjectionTestExecutionListener, org.springframework.test.context.support.DirtiesContextTestExecutionListener, org.springframework.test.context.transaction.TransactionalTestExecutionListener, org.springframework.test.context.jdbc.SqlScriptsTestExecutionListener, org.springframework.test.context.event.EventPublishingTestExecutionListener]
[2020-01-22T17:44:19.019Z] [org.springframework.test.context.support.AbstractTestContextBootstrapper] [main] [177] [INFO ] Using TestExecutionListeners: [org.springframework.test.context.web.ServletTestExecutionListener@7139992f, org.springframework.test.context.support.DirtiesContextBeforeModesTestExecutionListener@69504ae9, org.springframework.boot.test.mock.mockito.MockitoTestExecutionListener@387a8303, org.springframework.boot.test.autoconfigure.SpringBootDependencyInjectionTestExecutionListener@28cda624, org.springframework.test.context.support.DirtiesContextTestExecutionListener@1500b2f3, org.springframework.test.context.event.EventPublishingTestExecutionListener@7eecb5b8, org.springframework.boot.test.mock.mockito.ResetMocksTestExecutionListener@126253fd, org.springframework.boot.test.autoconfigure.restdocs.RestDocsTestExecutionListener@57db2b13, org.springframework.boot.test.autoconfigure.web.client.MockRestServiceServerResetTestExecutionListener@475c9c31, org.springframework.boot.test.autoconfigure.web.servlet.MockMvcPrintOnlyOnFailureTestExecutionListener@5c86a017, org.springframework.boot.test.autoconfigure.web.servlet.WebDriverTestExecutionListener@5c7bfdc1]
[2020-01-22T17:44:21.021Z] [org.springframework.boot.StartupInfoLogger] [main] [55] [INFO ] Starting DemoApplicationTests on DCCHL025 with PID 14732 (started by Development in E:\STS-Workspace\demo.zip_expanded\demo)
[2020-01-22T17:44:21.021Z] [org.springframework.boot.SpringApplication] [main] [651] [INFO ] No active profile set, falling back to default profiles: default
[2020-01-22T17:44:28.028Z] [org.springframework.scheduling.concurrent.ExecutorConfigurationSupport] [main] [171] [INFO ] Initializing ExecutorService 'applicationTaskExecutor'
[2020-01-22T17:44:29.029Z] [org.springframework.boot.actuate.endpoint.web.EndpointLinksResolver] [main] [58] [INFO ] Exposing 2 endpoint(s) beneath base path '/actuator'
[2020-01-22T17:44:30.030Z] [org.springframework.boot.StartupInfoLogger] [main] [61] [INFO ] Started DemoApplicationTests in 10.127 seconds (JVM running for 14.185)
[2020-01-22T17:44:31.031Z] [org.springframework.scheduling.concurrent.ExecutorConfigurationSupport] [SpringContextShutdownHook] [208] [INFO ] Shutting down ExecutorService 'applicationTaskExecutor'
[2020-01-22T17:46:55.055Z] [com.test.demo.DemoApplication] [main] [20] [INFO ] this is a info message
[2020-01-22T17:46:55.055Z] [com.test.demo.DemoApplication] [main] [21] [WARN ] this is a warn message
[2020-01-22T17:46:55.055Z] [com.test.demo.DemoApplication] [main] [22] [ERROR] this is a error message
[2020-01-22T17:46:57.057Z] [org.springframework.boot.StartupInfoLogger] [main] [55] [INFO ] Starting DemoApplication v0.0.1-SNAPSHOT on DCCHL025 with PID 19080 (E:\STS-Workspace\demo.zip_expanded\demo\target\demo-0.0.1-SNAPSHOT.jar started by Development in E:\STS-Workspace\demo.zip_expanded\demo\target)
[2020-01-22T17:46:57.057Z] [org.springframework.boot.SpringApplication] [main] [651] [INFO ] No active profile set, falling back to default profiles: default
[2020-01-22T17:47:01.001Z] [org.springframework.boot.web.embedded.tomcat.TomcatWebServer] [main] [92] [INFO ] Tomcat initialized with port(s): 9090 (http)
[2020-01-22T17:47:01.001Z] [org.apache.juli.logging.DirectJDKLog] [main] [173] [INFO ] Initializing ProtocolHandler ["http-nio-9090"]
[2020-01-22T17:47:01.001Z] [org.apache.juli.logging.DirectJDKLog] [main] [173] [INFO ] Starting service [Tomcat]
[2020-01-22T17:47:01.001Z] [org.apache.juli.logging.DirectJDKLog] [main] [173] [INFO ] Starting Servlet engine: [Apache Tomcat/9.0.30]
[2020-01-22T17:47:02.002Z] [org.apache.juli.logging.DirectJDKLog] [main] [173] [INFO ] Initializing Spring embedded WebApplicationContext
[2020-01-22T17:47:02.002Z] [org.springframework.boot.web.servlet.context.ServletWebServerApplicationContext] [main] [284] [INFO ] Root WebApplicationContext: initialization completed in 4395 ms
[2020-01-22T17:47:03.003Z] [org.springframework.scheduling.concurrent.ExecutorConfigurationSupport] [main] [171] [INFO ] Initializing ExecutorService 'applicationTaskExecutor'
[2020-01-22T17:47:04.004Z] [org.springframework.boot.actuate.endpoint.web.EndpointLinksResolver] [main] [58] [INFO ] Exposing 2 endpoint(s) beneath base path '/actuator'
[2020-01-22T17:47:04.004Z] [org.apache.juli.logging.DirectJDKLog] [main] [173] [INFO ] Starting ProtocolHandler ["http-nio-9090"]
[2020-01-22T17:47:04.004Z] [org.springframework.boot.web.embedded.tomcat.TomcatWebServer] [main] [204] [INFO ] Tomcat started on port(s): 9090 (http) with context path ''
[2020-01-22T17:47:04.004Z] [org.springframework.boot.StartupInfoLogger] [main] [61] [INFO ] Started DemoApplication in 8.445 seconds (JVM running for 10.505)
[2020-01-22T17:47:23.023Z] [org.springframework.scheduling.concurrent.ExecutorConfigurationSupport] [SpringContextShutdownHook] [208] [INFO ] Shutting down ExecutorService 'applicationTaskExecutor'
[2020-01-22T17:59:16.016Z] [org.springframework.test.context.support.AbstractTestContextBootstrapper] [main] [308] [INFO ] Neither @ContextConfiguration nor @ContextHierarchy found for test class [com.test.demo.DemoApplicationTests], using SpringBootContextLoader
[2020-01-22T17:59:16.016Z] [org.springframework.test.context.support.AbstractContextLoader] [main] [264] [INFO ] Could not detect default resource locations for test class [com.test.demo.DemoApplicationTests]: no resource found for suffixes {-context.xml, Context.groovy}.
[2020-01-22T17:59:16.016Z] [org.springframework.test.context.support.AnnotationConfigContextLoaderUtils] [main] [83] [INFO ] Could not detect default configuration classes for test class [com.test.demo.DemoApplicationTests]: DemoApplicationTests does not declare any static, non-private, non-final, nested classes annotated with @Configuration.
[2020-01-22T17:59:17.017Z] [org.springframework.boot.test.context.SpringBootTestContextBootstrapper] [main] [235] [INFO ] Found @SpringBootConfiguration com.test.demo.DemoApplication for test class com.test.demo.DemoApplicationTests
[2020-01-22T17:59:17.017Z] [org.springframework.test.context.support.AbstractTestContextBootstrapper] [main] [248] [INFO ] Loaded default TestExecutionListener class names from location [META-INF/spring.factories]: [org.springframework.boot.test.mock.mockito.MockitoTestExecutionListener, org.springframework.boot.test.mock.mockito.ResetMocksTestExecutionListener, org.springframework.boot.test.autoconfigure.restdocs.RestDocsTestExecutionListener, org.springframework.boot.test.autoconfigure.web.client.MockRestServiceServerResetTestExecutionListener, org.springframework.boot.test.autoconfigure.web.servlet.MockMvcPrintOnlyOnFailureTestExecutionListener, org.springframework.boot.test.autoconfigure.web.servlet.WebDriverTestExecutionListener, org.springframework.test.context.web.ServletTestExecutionListener, org.springframework.test.context.support.DirtiesContextBeforeModesTestExecutionListener, org.springframework.test.context.support.DependencyInjectionTestExecutionListener, org.springframework.test.context.support.DirtiesContextTestExecutionListener, org.springframework.test.context.transaction.TransactionalTestExecutionListener, org.springframework.test.context.jdbc.SqlScriptsTestExecutionListener, org.springframework.test.context.event.EventPublishingTestExecutionListener]
[2020-01-22T17:59:17.017Z] [org.springframework.test.context.support.AbstractTestContextBootstrapper] [main] [177] [INFO ] Using TestExecutionListeners: [org.springframework.test.context.web.ServletTestExecutionListener@387a8303, org.springframework.test.context.support.DirtiesContextBeforeModesTestExecutionListener@28cda624, org.springframework.boot.test.mock.mockito.MockitoTestExecutionListener@1500b2f3, org.springframework.boot.test.autoconfigure.SpringBootDependencyInjectionTestExecutionListener@7eecb5b8, org.springframework.test.context.support.DirtiesContextTestExecutionListener@126253fd, org.springframework.test.context.event.EventPublishingTestExecutionListener@57db2b13, org.springframework.boot.test.mock.mockito.ResetMocksTestExecutionListener@475c9c31, org.springframework.boot.test.autoconfigure.restdocs.RestDocsTestExecutionListener@5c86a017, org.springframework.boot.test.autoconfigure.web.client.MockRestServiceServerResetTestExecutionListener@5c7bfdc1, org.springframework.boot.test.autoconfigure.web.servlet.MockMvcPrintOnlyOnFailureTestExecutionListener@5276d6ee, org.springframework.boot.test.autoconfigure.web.servlet.WebDriverTestExecutionListener@71687585]
[2020-01-22T17:59:18.018Z] [org.springframework.boot.StartupInfoLogger] [main] [55] [INFO ] Starting DemoApplicationTests on DCCHL025 with PID 16804 (started by Development in E:\STS-Workspace\demo.zip_expanded\demo)
[2020-01-22T17:59:18.018Z] [org.springframework.boot.SpringApplication] [main] [651] [INFO ] No active profile set, falling back to default profiles: default
[2020-01-22T17:59:23.023Z] [org.springframework.scheduling.concurrent.ExecutorConfigurationSupport] [main] [171] [INFO ] Initializing ExecutorService 'applicationTaskExecutor'
[2020-01-22T17:59:24.024Z] [org.springframework.boot.actuate.endpoint.web.EndpointLinksResolver] [main] [58] [INFO ] Exposing 2 endpoint(s) beneath base path '/actuator'
[2020-01-22T17:59:24.024Z] [org.springframework.boot.StartupInfoLogger] [main] [61] [INFO ] Started DemoApplicationTests in 6.767 seconds (JVM running for 9.937)
[2020-01-22T17:59:25.025Z] [org.springframework.scheduling.concurrent.ExecutorConfigurationSupport] [SpringContextShutdownHook] [208] [INFO ] Shutting down ExecutorService 'applicationTaskExecutor'
[2020-01-22T17:59:44.044Z] [com.test.demo.DemoApplication] [main] [20] [INFO ] this is a info message
[2020-01-22T17:59:44.044Z] [com.test.demo.DemoApplication] [main] [21] [WARN ] this is a warn message
[2020-01-22T17:59:44.044Z] [com.test.demo.DemoApplication] [main] [22] [ERROR] this is a error message
[2020-01-22T17:59:46.046Z] [org.springframework.boot.StartupInfoLogger] [main] [55] [INFO ] Starting DemoApplication v0.0.1-SNAPSHOT on DCCHL025 with PID 16104 (E:\STS-Workspace\demo.zip_expanded\demo\target\demo-0.0.1-SNAPSHOT.jar started by Development in E:\STS-Workspace\demo.zip_expanded\demo\target)
[2020-01-22T17:59:46.046Z] [org.springframework.boot.SpringApplication] [main] [651] [INFO ] No active profile set, falling back to default profiles: default
[2020-01-22T17:59:50.050Z] [org.springframework.boot.web.embedded.tomcat.TomcatWebServer] [main] [92] [INFO ] Tomcat initialized with port(s): 9090 (http)
[2020-01-22T17:59:50.050Z] [org.apache.juli.logging.DirectJDKLog] [main] [173] [INFO ] Initializing ProtocolHandler ["http-nio-9090"]
[2020-01-22T17:59:50.050Z] [org.apache.juli.logging.DirectJDKLog] [main] [173] [INFO ] Starting service [Tomcat]
[2020-01-22T17:59:50.050Z] [org.apache.juli.logging.DirectJDKLog] [main] [173] [INFO ] Starting Servlet engine: [Apache Tomcat/9.0.30]
[2020-01-22T17:59:50.050Z] [org.apache.juli.logging.DirectJDKLog] [main] [173] [INFO ] Initializing Spring embedded WebApplicationContext
[2020-01-22T17:59:50.050Z] [org.springframework.boot.web.servlet.context.ServletWebServerApplicationContext] [main] [284] [INFO ] Root WebApplicationContext: initialization completed in 4290 ms
[2020-01-22T17:59:51.051Z] [org.springframework.scheduling.concurrent.ExecutorConfigurationSupport] [main] [171] [INFO ] Initializing ExecutorService 'applicationTaskExecutor'
[2020-01-22T17:59:51.051Z] [org.springframework.boot.actuate.endpoint.web.EndpointLinksResolver] [main] [58] [INFO ] Exposing 2 endpoint(s) beneath base path '/actuator'
[2020-01-22T17:59:52.052Z] [org.apache.juli.logging.DirectJDKLog] [main] [173] [INFO ] Starting ProtocolHandler ["http-nio-9090"]
[2020-01-22T17:59:52.052Z] [org.springframework.boot.web.embedded.tomcat.TomcatWebServer] [main] [204] [INFO ] Tomcat started on port(s): 9090 (http) with context path ''
[2020-01-22T17:59:52.052Z] [org.springframework.boot.StartupInfoLogger] [main] [61] [INFO ] Started DemoApplication in 7.196 seconds (JVM running for 8.412)
[2020-01-22T18:00:25.025Z] [org.apache.juli.logging.DirectJDKLog] [http-nio-9090-exec-1] [173] [INFO ] Initializing Spring DispatcherServlet 'dispatcherServlet'
[2020-01-22T18:00:25.025Z] [org.springframework.web.servlet.FrameworkServlet] [http-nio-9090-exec-1] [525] [INFO ] Initializing Servlet 'dispatcherServlet'
[2020-01-22T18:00:26.026Z] [org.springframework.web.servlet.FrameworkServlet] [http-nio-9090-exec-1] [547] [INFO ] Completed initialization in 28 ms
[2020-01-22T18:01:02.002Z] [org.springframework.web.servlet.handler.AbstractHandlerExceptionResolver] [http-nio-9090-exec-8] [199] [WARN ] Resolved [org.springframework.web.HttpRequestMethodNotSupportedException: Request method 'GET' not supported]
[2020-01-22T18:04:29.029Z] [com.test.demo.DemoApplication] [main] [18] [INFO ] this is a info message
[2020-01-22T18:04:29.029Z] [com.test.demo.DemoApplication] [main] [19] [WARN ] this is a warn message
[2020-01-22T18:04:29.029Z] [com.test.demo.DemoApplication] [main] [20] [ERROR] this is a error message
[2020-01-22T18:04:30.030Z] [org.springframework.boot.StartupInfoLogger] [main] [55] [INFO ] Starting DemoApplication on DCCHL025 with PID 4764 (E:\STS-Workspace\demo.zip_expanded\demo\target\classes started by Development in E:\STS-Workspace\demo.zip_expanded\demo)
[2020-01-22T18:04:30.030Z] [org.springframework.boot.SpringApplication] [main] [655] [INFO ] The following profiles are active: dev
[2020-01-22T18:04:32.032Z] [org.springframework.boot.web.embedded.tomcat.TomcatWebServer] [main] [92] [INFO ] Tomcat initialized with port(s): 8082 (http)
[2020-01-22T18:04:32.032Z] [org.apache.juli.logging.DirectJDKLog] [main] [173] [INFO ] Initializing ProtocolHandler ["http-nio-8082"]
[2020-01-22T18:04:32.032Z] [org.apache.juli.logging.DirectJDKLog] [main] [173] [INFO ] Starting service [Tomcat]
[2020-01-22T18:04:32.032Z] [org.apache.juli.logging.DirectJDKLog] [main] [173] [INFO ] Starting Servlet engine: [Apache Tomcat/9.0.30]
[2020-01-22T18:04:32.032Z] [org.apache.juli.logging.DirectJDKLog] [main] [173] [INFO ] Initializing Spring embedded WebApplicationContext
[2020-01-22T18:04:32.032Z] [org.springframework.boot.web.servlet.context.ServletWebServerApplicationContext] [main] [284] [INFO ] Root WebApplicationContext: initialization completed in 2334 ms
[2020-01-22T18:04:33.033Z] [org.springframework.scheduling.concurrent.ExecutorConfigurationSupport] [main] [171] [INFO ] Initializing ExecutorService 'applicationTaskExecutor'
[2020-01-22T18:04:33.033Z] [org.springframework.boot.actuate.endpoint.web.EndpointLinksResolver] [main] [58] [INFO ] Exposing 2 endpoint(s) beneath base path '/actuator'
[2020-01-22T18:04:33.033Z] [org.apache.juli.logging.DirectJDKLog] [main] [173] [INFO ] Starting ProtocolHandler ["http-nio-8082"]
[2020-01-22T18:04:33.033Z] [org.springframework.boot.web.embedded.tomcat.TomcatWebServer] [main] [204] [INFO ] Tomcat started on port(s): 8082 (http) with context path ''
[2020-01-22T18:04:33.033Z] [org.springframework.boot.StartupInfoLogger] [main] [61] [INFO ] Started DemoApplication in 4.085 seconds (JVM running for 5.654)
[2020-01-22T18:04:34.034Z] [org.apache.juli.logging.DirectJDKLog] [RMI TCP Connection(4)-127.0.0.1] [173] [INFO ] Initializing Spring DispatcherServlet 'dispatcherServlet'
[2020-01-22T18:04:34.034Z] [org.springframework.web.servlet.FrameworkServlet] [RMI TCP Connection(4)-127.0.0.1] [525] [INFO ] Initializing Servlet 'dispatcherServlet'
[2020-01-22T18:04:34.034Z] [org.springframework.web.servlet.FrameworkServlet] [RMI TCP Connection(4)-127.0.0.1] [547] [INFO ] Completed initialization in 94 ms
[2020-01-22T18:05:37.037Z] [org.springframework.scheduling.concurrent.ExecutorConfigurationSupport] [SpringContextShutdownHook] [208] [INFO ] Shutting down ExecutorService 'applicationTaskExecutor'
[2020-01-23T12:13:34.034Z] [org.springframework.boot.admin.SpringApplicationAdminMXBeanRegistrar$SpringApplicationAdmin] [RMI TCP Connection(846)-127.0.0.1] [159] [INFO ] Application shutdown requested.
[2020-01-23T12:13:35.035Z] [org.springframework.scheduling.concurrent.ExecutorConfigurationSupport] [RMI TCP Connection(846)-127.0.0.1] [208] [INFO ] Shutting down ExecutorService 'applicationTaskExecutor'
[2020-01-23T12:17:45.045Z] [com.test.demo.DemoApplication] [main] [18] [INFO ] this is a info message
[2020-01-23T12:17:45.045Z] [com.test.demo.DemoApplication] [main] [19] [WARN ] this is a warn message
[2020-01-23T12:17:45.045Z] [com.test.demo.DemoApplication] [main] [20] [ERROR] this is a error message
[2020-01-23T12:17:46.046Z] [org.springframework.boot.StartupInfoLogger] [main] [55] [INFO ] Starting DemoApplication on DCCHL025 with PID 8840 (E:\STS-Workspace\demo.zip_expanded\demo\target\classes started by Development in E:\STS-Workspace\demo.zip_expanded\demo)
[2020-01-23T12:17:46.046Z] [org.springframework.boot.SpringApplication] [main] [655] [INFO ] The following profiles are active: dev
[2020-01-23T12:17:49.049Z] [org.springframework.boot.web.embedded.tomcat.TomcatWebServer] [main] [92] [INFO ] Tomcat initialized with port(s): 8082 (http)
[2020-01-23T12:17:49.049Z] [org.apache.juli.logging.DirectJDKLog] [main] [173] [INFO ] Initializing ProtocolHandler ["http-nio-8082"]
[2020-01-23T12:17:49.049Z] [org.apache.juli.logging.DirectJDKLog] [main] [173] [INFO ] Starting service [Tomcat]
[2020-01-23T12:17:49.049Z] [org.apache.juli.logging.DirectJDKLog] [main] [173] [INFO ] Starting Servlet engine: [Apache Tomcat/9.0.30]
[2020-01-23T12:17:49.049Z] [org.apache.juli.logging.DirectJDKLog] [main] [173] [INFO ] Initializing Spring embedded WebApplicationContext
[2020-01-23T12:17:49.049Z] [org.springframework.boot.web.servlet.context.ServletWebServerApplicationContext] [main] [284] [INFO ] Root WebApplicationContext: initialization completed in 2348 ms
[2020-01-23T12:17:50.050Z] [org.springframework.scheduling.concurrent.ExecutorConfigurationSupport] [main] [171] [INFO ] Initializing ExecutorService 'applicationTaskExecutor'
[2020-01-23T12:17:50.050Z] [org.springframework.boot.actuate.endpoint.web.EndpointLinksResolver] [main] [58] [INFO ] Exposing 2 endpoint(s) beneath base path '/actuator'
[2020-01-23T12:17:50.050Z] [org.apache.juli.logging.DirectJDKLog] [main] [173] [INFO ] Starting ProtocolHandler ["http-nio-8082"]
[2020-01-23T12:17:50.050Z] [org.springframework.boot.web.embedded.tomcat.TomcatWebServer] [main] [204] [INFO ] Tomcat started on port(s): 8082 (http) with context path ''
[2020-01-23T12:17:50.050Z] [org.springframework.boot.StartupInfoLogger] [main] [61] [INFO ] Started DemoApplication in 4.947 seconds (JVM running for 6.795)
[2020-01-23T12:17:51.051Z] [org.apache.juli.logging.DirectJDKLog] [RMI TCP Connection(4)-127.0.0.1] [173] [INFO ] Initializing Spring DispatcherServlet 'dispatcherServlet'
[2020-01-23T12:17:51.051Z] [org.springframework.web.servlet.FrameworkServlet] [RMI TCP Connection(4)-127.0.0.1] [525] [INFO ] Initializing Servlet 'dispatcherServlet'
[2020-01-23T12:17:51.051Z] [org.springframework.web.servlet.FrameworkServlet] [RMI TCP Connection(4)-127.0.0.1] [547] [INFO ] Completed initialization in 58 ms
[2020-01-23T12:30:52.052Z] [org.springframework.boot.admin.SpringApplicationAdminMXBeanRegistrar$SpringApplicationAdmin] [RMI TCP Connection(30)-127.0.0.1] [159] [INFO ] Application shutdown requested.
[2020-01-23T12:30:52.052Z] [org.springframework.scheduling.concurrent.ExecutorConfigurationSupport] [RMI TCP Connection(30)-127.0.0.1] [208] [INFO ] Shutting down ExecutorService 'applicationTaskExecutor'
